

Started GET "/assets/rails.png" for 127.0.0.1 at 2012-12-18 02:17:29 +0800
Connecting to database specified by database.yml
Served asset /rails.png - 200 OK (5ms)


Started GET "/assets/rails.png" for 127.0.0.1 at 2012-12-20 13:39:34 +0800
Connecting to database specified by database.yml
Served asset /rails.png - 304 Not Modified (62ms)


Started GET "/" for 127.0.0.1 at 2012-12-20 13:46:36 +0800
Connecting to database specified by database.yml
Processing by WantedsController#index as HTML
Completed 500 Internal Server Error in 150ms

ActiveRecord::StatementInvalid (Could not find table 'wanteds'):
  app/controllers/wanteds_controller.rb:5:in `index'


  Rendered /usr/local/lib/ruby/gems/1.9.1/gems/actionpack-3.2.8/lib/action_dispatch/middleware/templates/rescues/_trace.erb (1.6ms)
  Rendered /usr/local/lib/ruby/gems/1.9.1/gems/actionpack-3.2.8/lib/action_dispatch/middleware/templates/rescues/_request_and_response.erb (1.3ms)
  Rendered /usr/local/lib/ruby/gems/1.9.1/gems/actionpack-3.2.8/lib/action_dispatch/middleware/templates/rescues/diagnostics.erb within rescues/layout (39.3ms)
Connecting to database specified by database.yml
  [1m[36m (0.2ms)[0m  [1mselect sqlite_version(*)[0m
  [1m[35m (37.7ms)[0m  CREATE TABLE "schema_migrations" ("version" varchar(255) NOT NULL) 
  [1m[36m (0.1ms)[0m  [1mPRAGMA index_list("schema_migrations")[0m
  [1m[35m (18.3ms)[0m  CREATE UNIQUE INDEX "unique_schema_migrations" ON "schema_migrations" ("version")
  [1m[36m (0.1ms)[0m  [1mSELECT "schema_migrations"."version" FROM "schema_migrations" [0m
Migrating to CreatePeople (20121217032853)
  [1m[35m (0.0ms)[0m  begin transaction
  [1m[36m (0.4ms)[0m  [1mCREATE TABLE "people" ("id" INTEGER PRIMARY KEY AUTOINCREMENT NOT NULL, "name" varchar(255), "bio" text, "birthday" date, "created_at" datetime NOT NULL, "updated_at" datetime NOT NULL) [0m
  [1m[35m (0.1ms)[0m  INSERT INTO "schema_migrations" ("version") VALUES ('20121217032853')
  [1m[36m (20.6ms)[0m  [1mcommit transaction[0m
Migrating to CreateWanteds (20121217053146)
  [1m[35m (0.1ms)[0m  begin transaction
  [1m[36m (0.3ms)[0m  [1mCREATE TABLE "wanteds" ("id" INTEGER PRIMARY KEY AUTOINCREMENT NOT NULL, "name" varchar(255), "msg" text, "date" date, "created_at" datetime NOT NULL, "updated_at" datetime NOT NULL) [0m
  [1m[35m (0.1ms)[0m  INSERT INTO "schema_migrations" ("version") VALUES ('20121217053146')
  [1m[36m (20.1ms)[0m  [1mcommit transaction[0m
  [1m[35m (0.3ms)[0m  select sqlite_version(*)
  [1m[36m (0.1ms)[0m  [1mSELECT "schema_migrations"."version" FROM "schema_migrations" [0m
  [1m[35m (0.0ms)[0m  PRAGMA index_list("people")
  [1m[36m (0.0ms)[0m  [1mPRAGMA index_list("wanteds")[0m


Started GET "/" for 127.0.0.1 at 2012-12-20 13:47:05 +0800
Processing by WantedsController#index as HTML
  [1m[36mWanted Load (0.2ms)[0m  [1mSELECT "wanteds".* FROM "wanteds" [0m
  Rendered wanteds/index.html.erb within layouts/application (1.0ms)
Compiled people.css  (173ms)  (pid 2207)
Compiled scaffolds.css  (20ms)  (pid 2207)
Compiled wanteds.css  (1ms)  (pid 2207)
Compiled welcome.css  (1ms)  (pid 2207)
Compiled application.css  (232ms)  (pid 2207)
Compiled jquery.js  (5ms)  (pid 2207)
Compiled jquery_ujs.js  (0ms)  (pid 2207)
Compiled people.js  (671ms)  (pid 2207)
Compiled wanteds.js  (244ms)  (pid 2207)
Compiled welcome.js  (242ms)  (pid 2207)
Compiled application.js  (1266ms)  (pid 2207)
Completed 200 OK in 1804ms (Views: 1800.2ms | ActiveRecord: 0.9ms)


Started GET "/assets/people.css?body=1" for 127.0.0.1 at 2012-12-20 13:47:07 +0800
Served asset /people.css - 200 OK (14ms)


Started GET "/assets/application.css?body=1" for 127.0.0.1 at 2012-12-20 13:47:07 +0800
Served asset /application.css - 200 OK (18ms)


Started GET "/assets/welcome.css?body=1" for 127.0.0.1 at 2012-12-20 13:47:07 +0800
Served asset /welcome.css - 200 OK (2ms)


Started GET "/assets/scaffolds.css?body=1" for 127.0.0.1 at 2012-12-20 13:47:07 +0800
Served asset /scaffolds.css - 200 OK (1ms)


Started GET "/assets/wanteds.css?body=1" for 127.0.0.1 at 2012-12-20 13:47:07 +0800
Served asset /wanteds.css - 200 OK (12ms)


Started GET "/assets/people.js?body=1" for 127.0.0.1 at 2012-12-20 13:47:07 +0800
Served asset /people.js - 200 OK (4ms)


Started GET "/assets/wanteds.js?body=1" for 127.0.0.1 at 2012-12-20 13:47:07 +0800
Served asset /wanteds.js - 200 OK (1ms)


Started GET "/assets/application.js?body=1" for 127.0.0.1 at 2012-12-20 13:47:07 +0800
Served asset /application.js - 200 OK (18ms)


Started GET "/assets/jquery.js?body=1" for 127.0.0.1 at 2012-12-20 13:47:07 +0800
Served asset /jquery.js - 200 OK (6ms)


Started GET "/assets/welcome.js?body=1" for 127.0.0.1 at 2012-12-20 13:47:07 +0800
Served asset /welcome.js - 200 OK (1ms)


Started GET "/assets/jquery_ujs.js?body=1" for 127.0.0.1 at 2012-12-20 13:47:07 +0800
Served asset /jquery_ujs.js - 200 OK (2ms)
Connecting to database specified by database.yml
  [1m[36m (0.1ms)[0m  [1mSELECT "schema_migrations"."version" FROM "schema_migrations" [0m
Migrating to CreatePeople (20121217032853)
Migrating to CreateWanteds (20121217053146)
  [1m[35m (0.3ms)[0m  select sqlite_version(*)
  [1m[36m (0.0ms)[0m  [1mSELECT "schema_migrations"."version" FROM "schema_migrations" [0m
  [1m[35m (0.0ms)[0m  PRAGMA index_list("people")
  [1m[36m (0.0ms)[0m  [1mPRAGMA index_list("wanteds")[0m


Started GET "/" for 127.0.0.1 at 2012-12-20 14:04:00 +0800
Connecting to database specified by database.yml
Processing by WantedsController#index as HTML
  [1m[36mWanted Load (0.1ms)[0m  [1mSELECT "wanteds".* FROM "wanteds" [0m
  Rendered wanteds/index.html.erb within layouts/application (14.2ms)
Completed 200 OK in 266ms (Views: 165.2ms | ActiveRecord: 10.0ms)


Started GET "/assets/application.css?body=1" for 127.0.0.1 at 2012-12-20 14:04:02 +0800
Served asset /application.css - 304 Not Modified (33ms)


Started GET "/assets/people.css?body=1" for 127.0.0.1 at 2012-12-20 14:04:02 +0800
Served asset /people.css - 304 Not Modified (1ms)


Started GET "/assets/scaffolds.css?body=1" for 127.0.0.1 at 2012-12-20 14:04:02 +0800
Served asset /scaffolds.css - 304 Not Modified (10ms)


Started GET "/assets/wanteds.css?body=1" for 127.0.0.1 at 2012-12-20 14:04:02 +0800
Served asset /wanteds.css - 304 Not Modified (12ms)


Started GET "/assets/welcome.css?body=1" for 127.0.0.1 at 2012-12-20 14:04:02 +0800
Served asset /welcome.css - 304 Not Modified (1ms)


Started GET "/assets/jquery.js?body=1" for 127.0.0.1 at 2012-12-20 14:04:02 +0800
Served asset /jquery.js - 304 Not Modified (40ms)


Started GET "/assets/jquery_ujs.js?body=1" for 127.0.0.1 at 2012-12-20 14:04:02 +0800
Served asset /jquery_ujs.js - 304 Not Modified (2ms)


Started GET "/assets/people.js?body=1" for 127.0.0.1 at 2012-12-20 14:04:02 +0800
Served asset /people.js - 304 Not Modified (13ms)


Started GET "/assets/wanteds.js?body=1" for 127.0.0.1 at 2012-12-20 14:04:02 +0800
Served asset /wanteds.js - 304 Not Modified (7ms)


Started GET "/assets/welcome.js?body=1" for 127.0.0.1 at 2012-12-20 14:04:02 +0800
Served asset /welcome.js - 304 Not Modified (5ms)


Started GET "/assets/application.js?body=1" for 127.0.0.1 at 2012-12-20 14:04:02 +0800
Served asset /application.js - 304 Not Modified (39ms)
